2023/12/19 16:05:39 [notice] 8640#12708: using inherited sockets from "D:\Program\nginx-1.24.0\"
2023/12/19 16:05:39 [emerg] 8640#12708: invalid socket number "D:\Program\nginx-1.24.0\" in NGINX environment variable, ignoring the rest of the variable
2023/12/19 16:05:39 [emerg] 8640#12708: invalid socket number "D:\Program\nginx-1.24.0\" in NGINX environment variable, ignoring
2023/12/19 16:05:39 [notice] 10456#21204: using inherited sockets from "D:\Program\nginx-1.24.0\"
2023/12/19 16:05:39 [emerg] 10456#21204: invalid socket number "D:\Program\nginx-1.24.0\" in NGINX environment variable, ignoring the rest of the variable
2023/12/19 16:05:39 [emerg] 10456#21204: invalid socket number "D:\Program\nginx-1.24.0\" in NGINX environment variable, ignoring
2023/12/19 16:11:26 [notice] 10672#11520: using inherited sockets from "D:\Program\nginx-1.24.0\"
2023/12/19 16:11:26 [emerg] 10672#11520: invalid socket number "D:\Program\nginx-1.24.0\" in NGINX environment variable, ignoring the rest of the variable
2023/12/19 16:11:26 [emerg] 10672#11520: invalid socket number "D:\Program\nginx-1.24.0\" in NGINX environment variable, ignoring
2023/12/19 16:11:26 [warn] 10672#11520: "user" is not supported, ignored in D:\Program\nginx-1.24.0/conf/nginx.conf:1
2023/12/19 16:11:26 [emerg] 10672#11520: "server" directive is not allowed here in D:\Program\nginx-1.24.0/conf/nginx.conf:9
2023/12/19 16:11:26 [alert] 8640#12708: worker process 10672 exited with code 1
2023/12/19 16:11:26 [alert] 8640#12708: could not respawn worker
2023/12/19 16:11:40 [notice] 12472#9312: using inherited sockets from "D:\Program\nginx-1.24.0\"
2023/12/19 16:11:40 [emerg] 12472#9312: invalid socket number "D:\Program\nginx-1.24.0\" in NGINX environment variable, ignoring the rest of the variable
2023/12/19 16:11:40 [emerg] 12472#9312: invalid socket number "D:\Program\nginx-1.24.0\" in NGINX environment variable, ignoring
2023/12/19 16:11:40 [warn] 12472#9312: "user" is not supported, ignored in D:\Program\nginx-1.24.0/conf/nginx.conf:1
2023/12/19 16:11:40 [emerg] 12472#9312: "server" directive is not allowed here in D:\Program\nginx-1.24.0/conf/nginx.conf:9
2023/12/19 16:12:55 [notice] 16740#9540: using inherited sockets from "D:\Program\nginx-1.24.0\"
2023/12/19 16:12:55 [emerg] 16740#9540: invalid socket number "D:\Program\nginx-1.24.0\" in NGINX environment variable, ignoring the rest of the variable
2023/12/19 16:12:55 [emerg] 16740#9540: invalid socket number "D:\Program\nginx-1.24.0\" in NGINX environment variable, ignoring
2023/12/19 16:12:55 [emerg] 16740#9540: "server" directive is not allowed here in D:\Program\nginx-1.24.0/conf/nginx.conf:8
